<?xml version="1.0" encoding="UTF-8"?>
<!-- Generated by org.testng.reporters.JUnitXMLReporter -->
<testsuite ignored="2" hostname="DESKTOP-2SG1Q0D" failures="0" tests="5" name="Test" time="17.696" errors="0" timestamp="2024-09-02T00:12:40 IST">
  <testcase classname="com.sourav.ui.testcases.GoogleTest2" name="dataTest" time="0.301"/>
  <testcase classname="com.sourav.ui.testcases.GoogleTest2" name="dataTest" time="0.11"/>
  <testcase classname="com.sourav.ui.testcases.GoogleTest2" name="dataTest" time="0.125"/>
  <testcase classname="com.sourav.ui.testcases.GoogleTest2" name="dataTest" time="0.132"/>
  <testcase classname="com.sourav.ui.testcases.OranceHRMTest2" name="OrangeTestLoginValidation" time="16.047"/>
  <testcase classname="com.sourav.base.TestBase" name="@AfterSuite tearDown" time="0.0">
    <ignored/>
  </testcase> <!-- @AfterSuite tearDown -->
  <testcase classname="com.sourav.base.TestBase" name="@BeforeSuite setUp" time="0.0">
    <ignored/>
  </testcase> <!-- @BeforeSuite setUp -->
</testsuite> <!-- Test -->
