<?xml version="1.0" encoding="UTF-8"?>
<!-- Generated by org.testng.reporters.JUnitXMLReporter -->
<testsuite ignored="0" hostname="DESKTOP-2SG1Q0D" failures="0" tests="3" name="Test" time="169.098" errors="0" timestamp="2024-09-02T23:07:03 IST">
  <testcase classname="com.sourav.ui.testcases.Docker3" name="runDocker" time="166.724"/>
  <testcase classname="com.sourav.ui.testcases.Docker1" name="runDocker" time="167.746"/>
  <testcase classname="com.sourav.ui.testcases.Docker2" name="runDocker" time="169.066"/>
</testsuite> <!-- Test -->
