<?xml version="1.0" encoding="UTF-8"?>
<testsuite name="Test"
           tests="4"
           failures="0"
           errors="0"
           skipped="0"
           time="0.853">
  <properties />
  
  
            <testcase name="dataTest" time="0.434" classname="com.sourav.ui.testcases.GoogleTest2" />
                <testcase name="dataTest" time="0.138" classname="com.sourav.ui.testcases.GoogleTest2" />
                <testcase name="dataTest" time="0.150" classname="com.sourav.ui.testcases.GoogleTest2" />
                <testcase name="dataTest" time="0.131" classname="com.sourav.ui.testcases.GoogleTest2" />
      
</testsuite>
