<?xml version="1.0" encoding="UTF-8"?>
<testng-results ignored="2" total="7" passed="5" failed="0" skipped="0">
  <reporter-output>
  </reporter-output>
  <suite started-at="2024-09-02T00:12:22 IST" name="DataDriven Basics" finished-at="2024-09-02T00:12:40 IST" duration-ms="17696">
    <groups>
    </groups>
    <test started-at="2024-09-02T00:12:22 IST" name="Test" finished-at="2024-09-02T00:12:40 IST" duration-ms="17696">
      <class name="com.sourav.ui.testcases.OranceHRMTest2">
        <test-method signature="OrangeTestLoginValidation()[pri:0, instance:com.sourav.ui.testcases.OranceHRMTest2@5038d0b5]" started-at="2024-09-02T00:12:24 IST" name="OrangeTestLoginValidation" finished-at="2024-09-02T00:12:40 IST" duration-ms="16047" status="PASS">
          <reporter-output>
          </reporter-output>
        </test-method> <!-- OrangeTestLoginValidation -->
      </class> <!-- com.sourav.ui.testcases.OranceHRMTest2 -->
      <class name="com.sourav.ui.testcases.GoogleTest2">
        <test-method is-config="true" signature="setUp()[pri:0, instance:com.sourav.ui.testcases.GoogleTest2@5167f57d]" started-at="2024-09-02T00:12:18 IST" name="setUp" finished-at="2024-09-02T00:12:22 IST" duration-ms="3717" status="PASS">
          <reporter-output>
          </reporter-output>
        </test-method> <!-- setUp -->
        <test-method signature="dataTest(java.lang.String,java.lang.String,java.lang.String)[pri:0, instance:com.sourav.ui.testcases.GoogleTest2@5167f57d]" started-at="2024-09-02T00:12:23 IST" name="dataTest" data-provider="getData" finished-at="2024-09-02T00:12:23 IST" duration-ms="301" status="PASS">
          <params>
            <param index="0">
              <value>
                <![CDATA[Sourav]]>
              </value>
            </param>
            <param index="1">
              <value>
                <![CDATA[Paul]]>
              </value>
            </param>
            <param index="2">
              <value>
                <![CDATA[Y]]>
              </value>
            </param>
          </params>
          <reporter-output>
          </reporter-output>
        </test-method> <!-- dataTest -->
        <test-method signature="dataTest(java.lang.String,java.lang.String,java.lang.String)[pri:0, instance:com.sourav.ui.testcases.GoogleTest2@5167f57d]" started-at="2024-09-02T00:12:23 IST" name="dataTest" data-provider="getData" finished-at="2024-09-02T00:12:23 IST" duration-ms="110" status="PASS">
          <params>
            <param index="0">
              <value>
                <![CDATA[Rahul]]>
              </value>
            </param>
            <param index="1">
              <value>
                <![CDATA[Dravid]]>
              </value>
            </param>
            <param index="2">
              <value>
                <![CDATA[Y]]>
              </value>
            </param>
          </params>
          <reporter-output>
          </reporter-output>
        </test-method> <!-- dataTest -->
        <test-method signature="dataTest(java.lang.String,java.lang.String,java.lang.String)[pri:0, instance:com.sourav.ui.testcases.GoogleTest2@5167f57d]" started-at="2024-09-02T00:12:23 IST" name="dataTest" data-provider="getData" finished-at="2024-09-02T00:12:24 IST" duration-ms="125" status="PASS">
          <params>
            <param index="0">
              <value>
                <![CDATA[Sachin]]>
              </value>
            </param>
            <param index="1">
              <value>
                <![CDATA[Tendulkar]]>
              </value>
            </param>
            <param index="2">
              <value>
                <![CDATA[Y]]>
              </value>
            </param>
          </params>
          <reporter-output>
          </reporter-output>
        </test-method> <!-- dataTest -->
        <test-method signature="dataTest(java.lang.String,java.lang.String,java.lang.String)[pri:0, instance:com.sourav.ui.testcases.GoogleTest2@5167f57d]" started-at="2024-09-02T00:12:24 IST" name="dataTest" data-provider="getData" finished-at="2024-09-02T00:12:24 IST" duration-ms="132" status="PASS">
          <params>
            <param index="0">
              <value>
                <![CDATA[Jahnvi]]>
              </value>
            </param>
            <param index="1">
              <value>
                <![CDATA[Kapoor]]>
              </value>
            </param>
            <param index="2">
              <value>
                <![CDATA[Y]]>
              </value>
            </param>
          </params>
          <reporter-output>
          </reporter-output>
        </test-method> <!-- dataTest -->
        <test-method is-config="true" signature="tearDown()[pri:0, instance:com.sourav.ui.testcases.GoogleTest2@5167f57d]" started-at="2024-09-02T00:12:41 IST" name="tearDown" finished-at="2024-09-02T00:12:41 IST" duration-ms="299" status="PASS">
          <reporter-output>
          </reporter-output>
        </test-method> <!-- tearDown -->
      </class> <!-- com.sourav.ui.testcases.GoogleTest2 -->
    </test> <!-- Test -->
  </suite> <!-- DataDriven Basics -->
</testng-results>
