<?xml version="1.0" encoding="UTF-8"?>
<testng-results ignored="0" total="3" passed="3" failed="0" skipped="0">
  <reporter-output>
  </reporter-output>
  <suite started-at="2024-09-02T23:04:14 IST" name="Suite" finished-at="2024-09-02T23:07:03 IST" duration-ms="169098">
    <groups>
    </groups>
    <test started-at="2024-09-02T23:04:14 IST" name="Test" finished-at="2024-09-02T23:07:03 IST" duration-ms="169098">
      <class name="com.sourav.ui.testcases.Docker1">
        <test-method signature="runDocker()[pri:0, instance:com.sourav.ui.testcases.Docker1@1e1a0406]" started-at="2024-09-02T23:04:14 IST" name="runDocker" finished-at="2024-09-02T23:07:02 IST" duration-ms="167746" status="PASS">
          <reporter-output>
          </reporter-output>
        </test-method> <!-- runDocker -->
      </class> <!-- com.sourav.ui.testcases.Docker1 -->
      <class name="com.sourav.ui.testcases.Docker3">
        <test-method signature="runDocker()[pri:0, instance:com.sourav.ui.testcases.Docker3@b9b00e0]" started-at="2024-09-02T23:04:14 IST" name="runDocker" finished-at="2024-09-02T23:07:00 IST" duration-ms="166724" status="PASS">
          <reporter-output>
          </reporter-output>
        </test-method> <!-- runDocker -->
      </class> <!-- com.sourav.ui.testcases.Docker3 -->
      <class name="com.sourav.ui.testcases.Docker2">
        <test-method signature="runDocker()[pri:0, instance:com.sourav.ui.testcases.Docker2@13fd2ccd]" started-at="2024-09-02T23:04:14 IST" name="runDocker" finished-at="2024-09-02T23:07:03 IST" duration-ms="169066" status="PASS">
          <reporter-output>
          </reporter-output>
        </test-method> <!-- runDocker -->
      </class> <!-- com.sourav.ui.testcases.Docker2 -->
    </test> <!-- Test -->
  </suite> <!-- Suite -->
</testng-results>
